Arguments: 
  C:\Program Files\nodejs\node.exe C:\Program Files (x86)\Yarn\bin\yarn.js

PATH: 
  C:\ProgramData\Oracle\Java\javapath;C:\WINDOWS\system32;C:\WINDOWS;C:\WINDOWS\System32\Wbem;C:\WINDOWS\System32\WindowsPowerShell\v1.0\;C:\Program Files (x86)\Yarn\bin\;C:\Program Files\Git\cmd;C:\Program Files\Java\jdk1.8.0_162\bin;C:\Program Files\nodejs\;C:\Program Files (x86)\NVIDIA Corporation\PhysX\Common;C:\Users\micha\AppData\Local\Programs\Python\Python36-32\Scripts\;C:\Users\micha\AppData\Local\Programs\Python\Python36-32\;C:\Users\micha\AppData\Local\Yarn\bin;C:\Users\micha\AppData\Local\Microsoft\WindowsApps;C:\Users\micha\AppData\Roaming\npm

Yarn version: 
  1.5.1

Node version: 
  8.9.4

Platform: 
  win32 x64

npm manifest: 
  {
    "name": "ground-zero",
    "version": "0.0.1",
    "license": "MIT",
    "private": true,
    "angular-cli": {},
    "scripts": {
      "start": "ng serve --port 4400"
    },
    "dependencies": {
      "@angular/animations": "5.1.0",
      "@angular/cdk": "5.0.1",
      "@angular/common": "5.1.0",
      "@angular/compiler": "5.1.0",
      "@angular/core": "5.1.0",
      "@angular/forms": "5.1.0",
      "@angular/material": "5.0.1",
      "@angular/platform-browser": "5.1.0",
      "@angular/platform-browser-dynamic": "5.1.0",
      "@angular/router": "5.1.0",
      "angular-cesium": "^0.0.48",
      "cesium": "^1.43.0",
      "core-js": "2.5.3",
      "rxjs": "5.5.5",
      "zone.js": "0.8.18"
    },
    "devDependencies": {
      "@angular/cli": "^1.6.0",
      "@angular/compiler-cli": "5.1.0",
      "@angular/language-service": "5.1.0",
      "@types/node": "^6.0.42",
      "codelyzer": "^4.2.1",
      "ts-node": "3.3.0",
      "tslint": "5.8.0",
      "typescript": "2.5.3"
    }
  }

yarn manifest: 
  No manifest

Lockfile: 
  No lockfile

Trace: 
  SyntaxError: Invalid value type 5:21 in C:\devl\work\ground-zero\.yarnrc
      at Parser.unexpected (C:\Program Files (x86)\Yarn\lib\cli.js:61980:11)
      at Parser.parse (C:\Program Files (x86)\Yarn\lib\cli.js:62108:16)
      at parse (C:\Program Files (x86)\Yarn\lib\cli.js:62182:17)
      at module.exports.exports.default (C:\Program Files (x86)\Yarn\lib\cli.js:61746:96)
      at YarnRegistry.<anonymous> (C:\Program Files (x86)\Yarn\lib\cli.js:92468:64)
      at Generator.next (<anonymous>)
      at step (C:\Program Files (x86)\Yarn\lib\cli.js:98:30)
      at C:\Program Files (x86)\Yarn\lib\cli.js:109:13
      at <anonymous>
